<html>
<head>
<title>TestNG:  Test</title>
<link href="../testng.css" rel="stylesheet" type="text/css" />
<link href="../my-testng.css" rel="stylesheet" type="text/css" />

<style type="text/css">
.log { display: none;} 
.stack-trace { display: none;} 
</style>
<script type="text/javascript">
<!--
function flip(e) {
  current = e.style.display;
  if (current == 'block') {
    e.style.display = 'none';
    return 0;
  }
  else {
    e.style.display = 'block';
    return 1;
  }
}

function toggleBox(szDivId, elem, msg1, msg2)
{
  var res = -1;  if (document.getElementById) {
    res = flip(document.getElementById(szDivId));
  }
  else if (document.all) {
    // this is the way old msie versions work
    res = flip(document.all[szDivId]);
  }
  if(elem) {
    if(res == 0) elem.innerHTML = msg1; else elem.innerHTML = msg2;
  }

}

function toggleAllBoxes() {
  if (document.getElementsByTagName) {
    d = document.getElementsByTagName('div');
    for (i = 0; i < d.length; i++) {
      if (d[i].className == 'log') {
        flip(d[i]);
      }
    }
  }
}

// -->
</script>

</head>
<body>
<h2 align='center'>Test</h2><table border='1' align="center">
<tr>
<td>Tests passed/Failed/Skipped:</td><td>8/1/0</td>
</tr><tr>
<td>Started on:</td><td>Wed Nov 22 17:24:49 IST 2023</td>
</tr>
<tr><td>Total time:</td><td>0 seconds (48 ms)</td>
</tr><tr>
<td>Included groups:</td><td></td>
</tr><tr>
<td>Excluded groups:</td><td></td>
</tr>
</table><p/>
<small><i>(Hover the method name to see the test class name)</i></small><p/>
<table width='100%' border='1' class='invocation-failed'>
<tr><td colspan='4' align='center'><b>FAILED TESTS</b></td></tr>
<tr><td><b>Test method</b></td>
<td width="30%"><b>Exception</b></td>
<td width="10%"><b>Time (seconds)</b></td>
<td><b>Instance</b></td>
</tr>
<tr>
<td title='testNG.Pgm1.Second()'><b>Second</b><br>Test class: testNG.Pgm1</td>
<td><div><pre>java.lang.AssertionError: expected [true] but found [false]
	at testNG.Pgm1.Second(Pgm1.java:20)
... Removed 29 stack frames</pre></div><a href='#' onClick='toggleBox("stack-trace717386707", this, "Click to show all stack frames", "Click to hide stack frames")'>Click to show all stack frames</a>
<div class='stack-trace' id='stack-trace717386707'><pre>java.lang.AssertionError: expected [true] but found [false]
	at org.testng.Assert.fail(Assert.java:94)
	at org.testng.Assert.failNotEquals(Assert.java:513)
	at org.testng.Assert.assertTrue(Assert.java:42)
	at org.testng.Assert.assertTrue(Assert.java:52)
	at testNG.Pgm1.Second(Pgm1.java:20)
	at sun.reflect.NativeMethodAccessorImpl.invoke0(Native Method)
	at sun.reflect.NativeMethodAccessorImpl.invoke(NativeMethodAccessorImpl.java:62)
	at sun.reflect.DelegatingMethodAccessorImpl.invoke(DelegatingMethodAccessorImpl.java:43)
	at java.lang.reflect.Method.invoke(Method.java:498)
	at org.testng.internal.MethodInvocationHelper.invokeMethod(MethodInvocationHelper.java:86)
	at org.testng.internal.Invoker.invokeMethod(Invoker.java:646)
	at org.testng.internal.Invoker.invokeTestMethod(Invoker.java:823)
	at org.testng.internal.Invoker.invokeTestMethods(Invoker.java:1131)
	at org.testng.internal.TestMethodWorker.invokeTestMethods(TestMethodWorker.java:129)
	at org.testng.internal.TestMethodWorker.run(TestMethodWorker.java:112)
	at org.testng.TestRunner.privateRun(TestRunner.java:778)
	at org.testng.TestRunner.run(TestRunner.java:632)
	at org.testng.SuiteRunner.runTest(SuiteRunner.java:366)
	at org.testng.SuiteRunner.runSequentially(SuiteRunner.java:361)
	at org.testng.SuiteRunner.privateRun(SuiteRunner.java:319)
	at org.testng.SuiteRunner.run(SuiteRunner.java:268)
	at org.testng.SuiteRunnerWorker.runSuite(SuiteRunnerWorker.java:52)
	at org.testng.SuiteRunnerWorker.run(SuiteRunnerWorker.java:86)
	at org.testng.TestNG.runSuitesSequentially(TestNG.java:1225)
	at org.testng.TestNG.runSuitesLocally(TestNG.java:1150)
	at org.testng.TestNG.runSuites(TestNG.java:1075)
	at org.testng.TestNG.run(TestNG.java:1047)
	at org.testng.remote.AbstractRemoteTestNG.run(AbstractRemoteTestNG.java:126)
	at org.testng.remote.RemoteTestNG.initAndRun(RemoteTestNG.java:137)
	at org.testng.remote.RemoteTestNG.main(RemoteTestNG.java:58)
</pre></div></td>
<td>0</td>
<td>testNG.Pgm1@4520ebad</td></tr>
</table><p>
<table width='100%' border='1' class='invocation-passed'>
<tr><td colspan='4' align='center'><b>PASSED TESTS</b></td></tr>
<tr><td><b>Test method</b></td>
<td width="30%"><b>Exception</b></td>
<td width="10%"><b>Time (seconds)</b></td>
<td><b>Instance</b></td>
</tr>
<tr>
<td title='testNG.Dataprovider.Basic()'><b>Basic</b><br>Test class: testNG.Dataprovider</td>
<td></td>
<td>0</td>
<td>testNG.Dataprovider@58651fd0</td></tr>
<tr>
<td title='testNG.Pgm1.Demo()'><b>Demo</b><br>Test class: testNG.Pgm1</td>
<td></td>
<td>0</td>
<td>testNG.Pgm1@4520ebad</td></tr>
<tr>
<td title='testNG.Annotations.Packinglist()'><b>Packinglist</b><br>Test class: testNG.Annotations</td>
<td></td>
<td>0</td>
<td>testNG.Annotations@62ee68d8</td></tr>
<tr>
<td title='testNG.Dataprovider.dataprovide()'><b>dataprovide</b><br>Test class: testNG.Dataprovider<br>Parameters: firstset username, password</td>
<td></td>
<td>0</td>
<td>testNG.Dataprovider@58651fd0</td></tr>
<tr>
<td title='testNG.Dataprovider.dataprovide()'><b>dataprovide</b><br>Test class: testNG.Dataprovider<br>Parameters: second username, second password</td>
<td></td>
<td>0</td>
<td>testNG.Dataprovider@58651fd0</td></tr>
<tr>
<td title='testNG.Dataprovider.dataprovide()'><b>dataprovide</b><br>Test class: testNG.Dataprovider<br>Parameters: Third username, Third password</td>
<td></td>
<td>0</td>
<td>testNG.Dataprovider@58651fd0</td></tr>
<tr>
<td title='testNG.Annotations.userAccounts()'><b>userAccounts</b><br>Test class: testNG.Annotations<br>Parameters: qaClickAcademy.com, 451289</td>
<td></td>
<td>0</td>
<td>testNG.Annotations@62ee68d8</td></tr>
<tr>
<td title='testNG.Annotations.userinventory()'><b>userinventory</b><br>Test class: testNG.Annotations</td>
<td></td>
<td>0</td>
<td>testNG.Annotations@62ee68d8</td></tr>
</table><p>
</body>
</html>